<?xml version="1.0" encoding="UTF-8"?>
<!-- Generated by org.testng.reporters.JUnitReportReporter -->
<testsuite hostname="LAPTOP-B5GOUU81" failures="0" tests="5" name="com.test.GetRecentPlayedSong" time="0.010" errors="0" timestamp="2023-07-13T15:57:05 IST" skipped="0">
  <testcase classname="com.test.GetRecentPlayedSong" name="user4Negative" time="0.001"/>
  <system-out/>
  <testcase classname="com.test.GetRecentPlayedSong" name="user1" time="0.007"/>
  <system-out/>
  <testcase classname="com.test.GetRecentPlayedSong" name="user3" time="0.000"/>
  <system-out/>
  <testcase classname="com.test.GetRecentPlayedSong" name="user2" time="0.001"/>
  <system-out/>
  <testcase classname="com.test.GetRecentPlayedSong" name="user4" time="0.001"/>
  <system-out/>
</testsuite> <!-- com.test.GetRecentPlayedSong -->
